<?xml version="1.0" encoding="UTF-8"?>
<testsuite xmlns:xsi="http://www.w3.org/2001/XMLSchema-instance" xsi:noNamespaceSchemaLocation="https://maven.apache.org/surefire/maven-surefire-plugin/xsd/surefire-test-report-3.0.xsd" version="3.0" name="zsolution_BDD.Zsolution_BDD.AppTest" time="0.183" tests="1" errors="0" skipped="0" failures="0">
  <properties>
    <property name="java.specification.version" value="18"/>
    <property name="sun.jnu.encoding" value="UTF-8"/>
    <property name="java.class.path" value="/Users/khosruzzaman/Current_Works/Zsolution_BDD/target/test-classes:/Users/khosruzzaman/Current_Works/Zsolution_BDD/target/classes:/Users/khosruzzaman/.m2/repository/org/seleniumhq/selenium/selenium-java/3.141.59/selenium-java-3.141.59.jar:/Users/khosruzzaman/.m2/repository/org/seleniumhq/selenium/selenium-api/3.141.59/selenium-api-3.141.59.jar:/Users/khosruzzaman/.m2/repository/org/seleniumhq/selenium/selenium-chrome-driver/3.141.59/selenium-chrome-driver-3.141.59.jar:/Users/khosruzzaman/.m2/repository/org/seleniumhq/selenium/selenium-edge-driver/3.141.59/selenium-edge-driver-3.141.59.jar:/Users/khosruzzaman/.m2/repository/org/seleniumhq/selenium/selenium-firefox-driver/3.141.59/selenium-firefox-driver-3.141.59.jar:/Users/khosruzzaman/.m2/repository/org/seleniumhq/selenium/selenium-ie-driver/3.141.59/selenium-ie-driver-3.141.59.jar:/Users/khosruzzaman/.m2/repository/org/seleniumhq/selenium/selenium-opera-driver/3.141.59/selenium-opera-driver-3.141.59.jar:/Users/khosruzzaman/.m2/repository/org/seleniumhq/selenium/selenium-remote-driver/3.141.59/selenium-remote-driver-3.141.59.jar:/Users/khosruzzaman/.m2/repository/org/seleniumhq/selenium/selenium-safari-driver/3.141.59/selenium-safari-driver-3.141.59.jar:/Users/khosruzzaman/.m2/repository/org/seleniumhq/selenium/selenium-support/3.141.59/selenium-support-3.141.59.jar:/Users/khosruzzaman/.m2/repository/net/bytebuddy/byte-buddy/1.8.15/byte-buddy-1.8.15.jar:/Users/khosruzzaman/.m2/repository/org/apache/commons/commons-exec/1.3/commons-exec-1.3.jar:/Users/khosruzzaman/.m2/repository/com/google/guava/guava/25.0-jre/guava-25.0-jre.jar:/Users/khosruzzaman/.m2/repository/com/google/code/findbugs/jsr305/1.3.9/jsr305-1.3.9.jar:/Users/khosruzzaman/.m2/repository/org/checkerframework/checker-compat-qual/2.0.0/checker-compat-qual-2.0.0.jar:/Users/khosruzzaman/.m2/repository/com/google/errorprone/error_prone_annotations/2.1.3/error_prone_annotations-2.1.3.jar:/Users/khosruzzaman/.m2/repository/com/google/j2objc/j2objc-annotations/1.1/j2objc-annotations-1.1.jar:/Users/khosruzzaman/.m2/repository/org/codehaus/mojo/animal-sniffer-annotations/1.14/animal-sniffer-annotations-1.14.jar:/Users/khosruzzaman/.m2/repository/com/squareup/okhttp3/okhttp/3.11.0/okhttp-3.11.0.jar:/Users/khosruzzaman/.m2/repository/com/squareup/okio/okio/1.14.0/okio-1.14.0.jar:/Users/khosruzzaman/.m2/repository/junit/junit/4.13.2/junit-4.13.2.jar:/Users/khosruzzaman/.m2/repository/org/hamcrest/hamcrest-core/1.3/hamcrest-core-1.3.jar:/Users/khosruzzaman/.m2/repository/io/cucumber/cucumber-junit/6.11.0/cucumber-junit-6.11.0.jar:/Users/khosruzzaman/.m2/repository/org/apiguardian/apiguardian-api/1.1.2/apiguardian-api-1.1.2.jar:/Users/khosruzzaman/.m2/repository/io/cucumber/cucumber-core/6.11.0/cucumber-core-6.11.0.jar:/Users/khosruzzaman/.m2/repository/io/cucumber/cucumber-gherkin/6.11.0/cucumber-gherkin-6.11.0.jar:/Users/khosruzzaman/.m2/repository/io/cucumber/cucumber-gherkin-messages/6.11.0/cucumber-gherkin-messages-6.11.0.jar:/Users/khosruzzaman/.m2/repository/io/cucumber/messages/15.0.0/messages-15.0.0.jar:/Users/khosruzzaman/.m2/repository/io/cucumber/tag-expressions/3.0.1/tag-expressions-3.0.1.jar:/Users/khosruzzaman/.m2/repository/io/cucumber/cucumber-expressions/10.3.0/cucumber-expressions-10.3.0.jar:/Users/khosruzzaman/.m2/repository/io/cucumber/datatable/3.5.0/datatable-3.5.0.jar:/Users/khosruzzaman/.m2/repository/io/cucumber/cucumber-plugin/6.11.0/cucumber-plugin-6.11.0.jar:/Users/khosruzzaman/.m2/repository/io/cucumber/docstring/6.11.0/docstring-6.11.0.jar:/Users/khosruzzaman/.m2/repository/io/cucumber/html-formatter/13.0.0/html-formatter-13.0.0.jar:/Users/khosruzzaman/.m2/repository/io/cucumber/create-meta/4.0.0/create-meta-4.0.0.jar:/Users/khosruzzaman/.m2/repository/info/cukes/cucumber-html/0.2.3/cucumber-html-0.2.3.jar:/Users/khosruzzaman/.m2/repository/info/cukes/cucumber-jvm-deps/1.0.5/cucumber-jvm-deps-1.0.5.jar:/Users/khosruzzaman/.m2/repository/info/cukes/gherkin/2.12.2/gherkin-2.12.2.jar:/Users/khosruzzaman/.m2/repository/io/cucumber/cucumber-java/6.11.0/cucumber-java-6.11.0.jar:/Users/khosruzzaman/.m2/repository/com/vimalselvam/cucumber-extentsreport/3.0.2/cucumber-extentsreport-3.0.2.jar:/Users/khosruzzaman/.m2/repository/com/aventstack/extentreports/5.0.4/extentreports-5.0.4.jar:/Users/khosruzzaman/.m2/repository/io/reactivex/rxjava3/rxjava/3.0.4/rxjava-3.0.4.jar:/Users/khosruzzaman/.m2/repository/org/reactivestreams/reactive-streams/1.0.3/reactive-streams-1.0.3.jar:/Users/khosruzzaman/.m2/repository/org/freemarker/freemarker/2.3.30/freemarker-2.3.30.jar:/Users/khosruzzaman/.m2/repository/com/google/code/gson/gson/2.8.6/gson-2.8.6.jar:/Users/khosruzzaman/.m2/repository/tech/grasshopper/extentreports-cucumber6-adapter/2.0.0/extentreports-cucumber6-adapter-2.0.0.jar:/Users/khosruzzaman/.m2/repository/com/aventstack/klov-reporter/5.0.1/klov-reporter-5.0.1.jar:/Users/khosruzzaman/.m2/repository/org/mongodb/bson/3.3.0/bson-3.3.0.jar:/Users/khosruzzaman/.m2/repository/org/apache/httpcomponents/httpclient/4.5.2/httpclient-4.5.2.jar:/Users/khosruzzaman/.m2/repository/org/apache/httpcomponents/httpcore/4.4.4/httpcore-4.4.4.jar:/Users/khosruzzaman/.m2/repository/commons-logging/commons-logging/1.2/commons-logging-1.2.jar:/Users/khosruzzaman/.m2/repository/commons-codec/commons-codec/1.9/commons-codec-1.9.jar:/Users/khosruzzaman/.m2/repository/org/apache/httpcomponents/httpmime/4.5.2/httpmime-4.5.2.jar:/Users/khosruzzaman/.m2/repository/org/mongodb/mongodb-driver/3.3.0/mongodb-driver-3.3.0.jar:/Users/khosruzzaman/.m2/repository/org/mongodb/mongodb-driver-core/3.3.0/mongodb-driver-core-3.3.0.jar:/Users/khosruzzaman/.m2/repository/io/cucumber/cucumber-testng/6.10.0/cucumber-testng-6.10.0.jar:/Users/khosruzzaman/.m2/repository/org/testng/testng/7.3.0/testng-7.3.0.jar:/Users/khosruzzaman/.m2/repository/com/beust/jcommander/1.78/jcommander-1.78.jar:/Users/khosruzzaman/.m2/repository/org/apache/ant/ant/1.10.3/ant-1.10.3.jar:/Users/khosruzzaman/.m2/repository/org/apache/ant/ant-launcher/1.10.3/ant-launcher-1.10.3.jar:/Users/khosruzzaman/.m2/repository/com/google/inject/guice/4.2.2/guice-4.2.2-no_aop.jar:/Users/khosruzzaman/.m2/repository/javax/inject/javax.inject/1/javax.inject-1.jar:/Users/khosruzzaman/.m2/repository/aopalliance/aopalliance/1.0/aopalliance-1.0.jar:/Users/khosruzzaman/.m2/repository/org/yaml/snakeyaml/1.21/snakeyaml-1.21.jar:/Users/khosruzzaman/.m2/repository/org/projectlombok/lombok/1.18.24/lombok-1.18.24.jar:"/>
    <property name="java.vm.vendor" value="Oracle Corporation"/>
    <property name="sun.arch.data.model" value="64"/>
    <property name="java.vendor.url" value="https://java.oracle.com/"/>
    <property name="user.timezone" value="America/New_York"/>
    <property name="os.name" value="Mac OS X"/>
    <property name="java.vm.specification.version" value="18"/>
    <property name="sun.java.launcher" value="SUN_STANDARD"/>
    <property name="user.country" value="US"/>
    <property name="sun.boot.library.path" value="/Library/Java/JavaVirtualMachines/jdk-18.0.1.1.jdk/Contents/Home/lib"/>
    <property name="sun.java.command" value="/Users/khosruzzaman/Current_Works/Zsolution_BDD/target/surefire/surefirebooter-20240524122143924_3.jar /Users/khosruzzaman/Current_Works/Zsolution_BDD/target/surefire 2024-05-24T12-21-43_874-jvmRun1 surefire-20240524122143924_1tmp surefire_0-20240524122143924_2tmp"/>
    <property name="http.nonProxyHosts" value="local|*.local|169.254/16|*.169.254/16"/>
    <property name="jdk.debug" value="release"/>
    <property name="surefire.test.class.path" value="/Users/khosruzzaman/Current_Works/Zsolution_BDD/target/test-classes:/Users/khosruzzaman/Current_Works/Zsolution_BDD/target/classes:/Users/khosruzzaman/.m2/repository/org/seleniumhq/selenium/selenium-java/3.141.59/selenium-java-3.141.59.jar:/Users/khosruzzaman/.m2/repository/org/seleniumhq/selenium/selenium-api/3.141.59/selenium-api-3.141.59.jar:/Users/khosruzzaman/.m2/repository/org/seleniumhq/selenium/selenium-chrome-driver/3.141.59/selenium-chrome-driver-3.141.59.jar:/Users/khosruzzaman/.m2/repository/org/seleniumhq/selenium/selenium-edge-driver/3.141.59/selenium-edge-driver-3.141.59.jar:/Users/khosruzzaman/.m2/repository/org/seleniumhq/selenium/selenium-firefox-driver/3.141.59/selenium-firefox-driver-3.141.59.jar:/Users/khosruzzaman/.m2/repository/org/seleniumhq/selenium/selenium-ie-driver/3.141.59/selenium-ie-driver-3.141.59.jar:/Users/khosruzzaman/.m2/repository/org/seleniumhq/selenium/selenium-opera-driver/3.141.59/selenium-opera-driver-3.141.59.jar:/Users/khosruzzaman/.m2/repository/org/seleniumhq/selenium/selenium-remote-driver/3.141.59/selenium-remote-driver-3.141.59.jar:/Users/khosruzzaman/.m2/repository/org/seleniumhq/selenium/selenium-safari-driver/3.141.59/selenium-safari-driver-3.141.59.jar:/Users/khosruzzaman/.m2/repository/org/seleniumhq/selenium/selenium-support/3.141.59/selenium-support-3.141.59.jar:/Users/khosruzzaman/.m2/repository/net/bytebuddy/byte-buddy/1.8.15/byte-buddy-1.8.15.jar:/Users/khosruzzaman/.m2/repository/org/apache/commons/commons-exec/1.3/commons-exec-1.3.jar:/Users/khosruzzaman/.m2/repository/com/google/guava/guava/25.0-jre/guava-25.0-jre.jar:/Users/khosruzzaman/.m2/repository/com/google/code/findbugs/jsr305/1.3.9/jsr305-1.3.9.jar:/Users/khosruzzaman/.m2/repository/org/checkerframework/checker-compat-qual/2.0.0/checker-compat-qual-2.0.0.jar:/Users/khosruzzaman/.m2/repository/com/google/errorprone/error_prone_annotations/2.1.3/error_prone_annotations-2.1.3.jar:/Users/khosruzzaman/.m2/repository/com/google/j2objc/j2objc-annotations/1.1/j2objc-annotations-1.1.jar:/Users/khosruzzaman/.m2/repository/org/codehaus/mojo/animal-sniffer-annotations/1.14/animal-sniffer-annotations-1.14.jar:/Users/khosruzzaman/.m2/repository/com/squareup/okhttp3/okhttp/3.11.0/okhttp-3.11.0.jar:/Users/khosruzzaman/.m2/repository/com/squareup/okio/okio/1.14.0/okio-1.14.0.jar:/Users/khosruzzaman/.m2/repository/junit/junit/4.13.2/junit-4.13.2.jar:/Users/khosruzzaman/.m2/repository/org/hamcrest/hamcrest-core/1.3/hamcrest-core-1.3.jar:/Users/khosruzzaman/.m2/repository/io/cucumber/cucumber-junit/6.11.0/cucumber-junit-6.11.0.jar:/Users/khosruzzaman/.m2/repository/org/apiguardian/apiguardian-api/1.1.2/apiguardian-api-1.1.2.jar:/Users/khosruzzaman/.m2/repository/io/cucumber/cucumber-core/6.11.0/cucumber-core-6.11.0.jar:/Users/khosruzzaman/.m2/repository/io/cucumber/cucumber-gherkin/6.11.0/cucumber-gherkin-6.11.0.jar:/Users/khosruzzaman/.m2/repository/io/cucumber/cucumber-gherkin-messages/6.11.0/cucumber-gherkin-messages-6.11.0.jar:/Users/khosruzzaman/.m2/repository/io/cucumber/messages/15.0.0/messages-15.0.0.jar:/Users/khosruzzaman/.m2/repository/io/cucumber/tag-expressions/3.0.1/tag-expressions-3.0.1.jar:/Users/khosruzzaman/.m2/repository/io/cucumber/cucumber-expressions/10.3.0/cucumber-expressions-10.3.0.jar:/Users/khosruzzaman/.m2/repository/io/cucumber/datatable/3.5.0/datatable-3.5.0.jar:/Users/khosruzzaman/.m2/repository/io/cucumber/cucumber-plugin/6.11.0/cucumber-plugin-6.11.0.jar:/Users/khosruzzaman/.m2/repository/io/cucumber/docstring/6.11.0/docstring-6.11.0.jar:/Users/khosruzzaman/.m2/repository/io/cucumber/html-formatter/13.0.0/html-formatter-13.0.0.jar:/Users/khosruzzaman/.m2/repository/io/cucumber/create-meta/4.0.0/create-meta-4.0.0.jar:/Users/khosruzzaman/.m2/repository/info/cukes/cucumber-html/0.2.3/cucumber-html-0.2.3.jar:/Users/khosruzzaman/.m2/repository/info/cukes/cucumber-jvm-deps/1.0.5/cucumber-jvm-deps-1.0.5.jar:/Users/khosruzzaman/.m2/repository/info/cukes/gherkin/2.12.2/gherkin-2.12.2.jar:/Users/khosruzzaman/.m2/repository/io/cucumber/cucumber-java/6.11.0/cucumber-java-6.11.0.jar:/Users/khosruzzaman/.m2/repository/com/vimalselvam/cucumber-extentsreport/3.0.2/cucumber-extentsreport-3.0.2.jar:/Users/khosruzzaman/.m2/repository/com/aventstack/extentreports/5.0.4/extentreports-5.0.4.jar:/Users/khosruzzaman/.m2/repository/io/reactivex/rxjava3/rxjava/3.0.4/rxjava-3.0.4.jar:/Users/khosruzzaman/.m2/repository/org/reactivestreams/reactive-streams/1.0.3/reactive-streams-1.0.3.jar:/Users/khosruzzaman/.m2/repository/org/freemarker/freemarker/2.3.30/freemarker-2.3.30.jar:/Users/khosruzzaman/.m2/repository/com/google/code/gson/gson/2.8.6/gson-2.8.6.jar:/Users/khosruzzaman/.m2/repository/tech/grasshopper/extentreports-cucumber6-adapter/2.0.0/extentreports-cucumber6-adapter-2.0.0.jar:/Users/khosruzzaman/.m2/repository/com/aventstack/klov-reporter/5.0.1/klov-reporter-5.0.1.jar:/Users/khosruzzaman/.m2/repository/org/mongodb/bson/3.3.0/bson-3.3.0.jar:/Users/khosruzzaman/.m2/repository/org/apache/httpcomponents/httpclient/4.5.2/httpclient-4.5.2.jar:/Users/khosruzzaman/.m2/repository/org/apache/httpcomponents/httpcore/4.4.4/httpcore-4.4.4.jar:/Users/khosruzzaman/.m2/repository/commons-logging/commons-logging/1.2/commons-logging-1.2.jar:/Users/khosruzzaman/.m2/repository/commons-codec/commons-codec/1.9/commons-codec-1.9.jar:/Users/khosruzzaman/.m2/repository/org/apache/httpcomponents/httpmime/4.5.2/httpmime-4.5.2.jar:/Users/khosruzzaman/.m2/repository/org/mongodb/mongodb-driver/3.3.0/mongodb-driver-3.3.0.jar:/Users/khosruzzaman/.m2/repository/org/mongodb/mongodb-driver-core/3.3.0/mongodb-driver-core-3.3.0.jar:/Users/khosruzzaman/.m2/repository/io/cucumber/cucumber-testng/6.10.0/cucumber-testng-6.10.0.jar:/Users/khosruzzaman/.m2/repository/org/testng/testng/7.3.0/testng-7.3.0.jar:/Users/khosruzzaman/.m2/repository/com/beust/jcommander/1.78/jcommander-1.78.jar:/Users/khosruzzaman/.m2/repository/org/apache/ant/ant/1.10.3/ant-1.10.3.jar:/Users/khosruzzaman/.m2/repository/org/apache/ant/ant-launcher/1.10.3/ant-launcher-1.10.3.jar:/Users/khosruzzaman/.m2/repository/com/google/inject/guice/4.2.2/guice-4.2.2-no_aop.jar:/Users/khosruzzaman/.m2/repository/javax/inject/javax.inject/1/javax.inject-1.jar:/Users/khosruzzaman/.m2/repository/aopalliance/aopalliance/1.0/aopalliance-1.0.jar:/Users/khosruzzaman/.m2/repository/org/yaml/snakeyaml/1.21/snakeyaml-1.21.jar:/Users/khosruzzaman/.m2/repository/org/projectlombok/lombok/1.18.24/lombok-1.18.24.jar:"/>
    <property name="sun.cpu.endian" value="little"/>
    <property name="user.home" value="/Users/khosruzzaman"/>
    <property name="user.language" value="en"/>
    <property name="java.specification.vendor" value="Oracle Corporation"/>
    <property name="java.version.date" value="2022-04-22"/>
    <property name="java.home" value="/Library/Java/JavaVirtualMachines/jdk-18.0.1.1.jdk/Contents/Home"/>
    <property name="file.separator" value="/"/>
    <property name="basedir" value="/Users/khosruzzaman/Current_Works/Zsolution_BDD"/>
    <property name="style.color" value="always"/>
    <property name="java.vm.compressedOopsMode" value="Zero based"/>
    <property name="line.separator" value="&#10;"/>
    <property name="java.vm.specification.vendor" value="Oracle Corporation"/>
    <property name="java.specification.name" value="Java Platform API Specification"/>
    <property name="apple.awt.application.name" value="ForkedBooter"/>
    <property name="surefire.real.class.path" value="/Users/khosruzzaman/Current_Works/Zsolution_BDD/target/surefire/surefirebooter-20240524122143924_3.jar"/>
    <property name="sun.management.compiler" value="HotSpot 64-Bit Tiered Compilers"/>
    <property name="ftp.nonProxyHosts" value="local|*.local|169.254/16|*.169.254/16"/>
    <property name="java.runtime.version" value="18.0.1.1+2-6"/>
    <property name="user.name" value="khosruzzaman"/>
    <property name="path.separator" value=":"/>
    <property name="os.version" value="14.2.1"/>
    <property name="java.runtime.name" value="Java(TM) SE Runtime Environment"/>
    <property name="file.encoding" value="UTF-8"/>
    <property name="java.vm.name" value="Java HotSpot(TM) 64-Bit Server VM"/>
    <property name="localRepository" value="/Users/khosruzzaman/.m2/repository"/>
    <property name="java.vendor.url.bug" value="https://bugreport.java.com/bugreport/"/>
    <property name="java.io.tmpdir" value="/var/folders/zk/ygw69c096qz6mjq_myp1dmwh0000gn/T/"/>
    <property name="java.version" value="18.0.1.1"/>
    <property name="user.dir" value="/Users/khosruzzaman/Current_Works/Zsolution_BDD"/>
    <property name="os.arch" value="aarch64"/>
    <property name="java.vm.specification.name" value="Java Virtual Machine Specification"/>
    <property name="native.encoding" value="UTF-8"/>
    <property name="java.library.path" value="/Users/khosruzzaman/Library/Java/Extensions:/Library/Java/Extensions:/Network/Library/Java/Extensions:/System/Library/Java/Extensions:/usr/lib/java:."/>
    <property name="java.vm.info" value="mixed mode, sharing"/>
    <property name="java.vendor" value="Oracle Corporation"/>
    <property name="java.vm.version" value="18.0.1.1+2-6"/>
    <property name="sun.io.unicode.encoding" value="UnicodeBig"/>
    <property name="socksNonProxyHosts" value="local|*.local|169.254/16|*.169.254/16"/>
    <property name="java.class.version" value="62.0"/>
  </properties>
  <testcase name="shouldAnswerWithTrue on shouldAnswerWithTrue(zsolution_BDD.Zsolution_BDD.AppTest)" classname="zsolution_BDD.Zsolution_BDD.AppTest" time="0.02"/>
</testsuite>