<?xml version="1.0" encoding="UTF-8"?>
<!-- Generated by org.testng.reporters.JUnitReportReporter -->
<testsuite hostname="Khosruzs-MacBook-Pro.local" failures="0" tests="1" name="zsolution_BDD.Zsolution_BDD.AppTest" time="0.016" errors="0" timestamp="2024-05-24T12:21:44 EDT" skipped="0">
  <testcase classname="zsolution_BDD.Zsolution_BDD.AppTest" name="shouldAnswerWithTrue" time="0.016"/>
  <system-out/>
</testsuite> <!-- zsolution_BDD.Zsolution_BDD.AppTest -->
